mode: set
app/store/store.go:47.24,56.2 1 0
app/store/store.go:58.62,75.2 7 0
app/store/store.go:77.46,82.2 3 0
app/store/store.go:84.41,89.30 4 0
app/store/store.go:89.30,91.3 1 0
app/store/store.go:92.2,92.16 1 0
app/store/store.go:95.55,101.30 5 0
app/store/store.go:101.30,102.108 1 0
app/store/store.go:102.108,104.4 1 0
app/store/store.go:106.2,106.16 1 0
app/store/store.go:109.69,114.19 4 0
app/store/store.go:114.19,116.3 1 0
app/store/store.go:118.2,121.15 4 0
app/store/store.go:124.46,128.40 3 0
app/store/store.go:128.40,131.3 2 0
app/store/store.go:132.2,132.14 1 0
app/store/store.go:135.78,139.47 3 0
app/store/store.go:139.47,141.3 1 0
app/store/store.go:143.2,155.17 5 0
app/store/store.go:158.60,164.2 4 0
app/store/store.go:166.113,170.47 3 0
app/store/store.go:170.47,172.3 1 0
app/store/store.go:174.2,189.16 5 0
app/store/store.go:192.58,198.2 4 0
app/store/store.go:200.48,204.41 3 0
app/store/store.go:204.41,205.35 1 0
app/store/store.go:205.35,206.20 1 0
app/store/store.go:206.20,208.5 1 0
app/store/store.go:211.2,211.12 1 0
app/store/store.go:214.53,218.41 3 0
app/store/store.go:218.41,219.35 1 0
app/store/store.go:219.35,220.20 1 0
app/store/store.go:220.20,223.5 2 0
app/store/store.go:226.2,226.12 1 0
app/main.go:16.13,21.2 3 1
app/main.go:23.13,42.2 16 0
app/main.go:44.59,47.2 2 1
app/main.go:49.62,118.23 4 1
app/main.go:118.23,120.3 1 0
app/main.go:120.8,132.29 2 1
app/main.go:132.29,141.4 2 1
app/main.go:142.3,143.13 1 1
app/main.go:146.2,207.21 2 1
app/main.go:210.65,215.19 4 1
app/main.go:215.19,219.3 3 1
app/main.go:221.2,334.26 5 1
app/main.go:334.26,336.3 1 1
app/main.go:336.8,337.45 1 0
app/main.go:337.45,348.4 3 0
app/main.go:351.2,379.24 2 1
app/main.go:379.24,381.3 1 1
app/main.go:381.8,394.32 2 0
app/main.go:394.32,397.28 3 0
app/main.go:397.28,399.5 1 0
app/main.go:399.10,399.35 1 0
app/main.go:399.35,401.5 1 0
app/main.go:402.4,410.28 2 0
app/main.go:410.28,412.5 1 0
app/main.go:413.4,414.11 1 0
app/main.go:416.3,417.13 1 0
app/main.go:420.2,557.21 2 1
app/main.go:560.65,569.46 6 1
app/main.go:569.46,573.3 3 1
app/main.go:575.2,577.35 3 1
app/main.go:580.64,585.17 4 1
app/main.go:585.17,587.3 1 1
app/main.go:587.8,589.3 1 1
app/main.go:591.2,591.20 1 1
app/main.go:591.20,593.3 1 0
app/main.go:594.2,594.36 1 1
app/main.go:597.65,607.46 7 1
app/main.go:607.46,611.3 3 1
app/main.go:613.2,614.19 2 1
app/main.go:614.19,618.3 3 1
app/main.go:620.2,621.35 2 1
app/main.go:624.65,628.25 3 1
app/main.go:628.25,632.3 3 1
app/main.go:634.2,635.61 2 1
app/main.go:638.67,642.28 3 1
app/main.go:642.28,646.3 3 1
app/main.go:648.2,653.40 4 1
app/main.go:653.40,657.3 3 1
app/main.go:659.2,661.37 3 1
app/main.go:664.67,668.28 3 1
app/main.go:668.28,672.3 3 1
app/main.go:674.2,675.23 2 1
app/main.go:675.23,677.3 1 1
app/main.go:678.2,678.39 1 1
app/main.go:681.66,685.28 3 1
app/main.go:685.28,689.3 3 1
app/main.go:691.2,698.74 6 1
app/main.go:698.74,702.3 3 1
app/main.go:704.2,706.16 3 1
app/main.go:706.16,710.3 3 1
app/main.go:712.2,713.16 2 1
app/main.go:713.16,717.3 3 0
app/main.go:719.2,721.36 3 1
app/main.go:724.65,728.28 3 1
app/main.go:728.28,732.3 3 1
app/main.go:734.2,735.21 2 1
app/main.go:735.21,737.3 1 1
app/main.go:738.2,738.37 1 1
app/main.go:741.68,746.20 4 1
app/main.go:746.20,750.3 3 1
app/main.go:752.2,754.36 3 1
app/main.go:757.65,762.20 4 1
app/main.go:762.20,766.3 3 1
app/main.go:768.2,769.19 2 1
app/main.go:769.19,773.3 3 0
app/main.go:775.2,778.30 4 1
app/main.go:778.30,780.3 1 0
app/main.go:780.8,780.37 1 1
app/main.go:780.37,782.3 1 0
app/main.go:784.2,893.21 2 1
